<?xml version="1.0" encoding="UTF-8"?>
<!-- Generated by org.testng.reporters.JUnitXMLReporter -->
<testsuite hostname="DESKTOP-STB771G" ignored="0" name="Command line test" tests="5" failures="0" timestamp="17 ספט 2018 12:00:55 GMT" time="0.454" errors="0">
  <testcase name="firstTest" time="0.345" classname="com.shieldfc.SqlTest"/>
  <testcase name="secondTest" time="0.0" classname="com.shieldfc.SqlTest"/>
  <testcase name="thirdTest" time="0.015" classname="com.shieldfc.SqlTest"/>
  <testcase name="fourthTest" time="0.016" classname="com.shieldfc.SqlTest"/>
  <testcase name="fifthTest" time="0.031" classname="com.shieldfc.SqlTest"/>
</testsuite> <!-- Command line test -->
